EXPLAIN
-> Limit/Offset: 0/20 row(s)  (cost=212124 rows=0) (actual time=0.405..0.405 rows=0 loops=1)
    -> Nested loop left join  (cost=212124 rows=456934) (actual time=0.387..0.403 rows=20 loops=1)
        -> Index lookup on pe1_0 using idx_product_state_price_id (state='OPEN'), with index condition: (pe1_0.state = 'OPEN')  (cost=52197 rows=456934) (actual time=0.368..0.372 rows=20 loops=1)
        -> Filter: (lse1_0.target_type = 'PRODUCT')  (cost=0.25 rows=1) (actual time=0.00131..0.00131 rows=0 loops=20)
            -> Single-row index lookup on lse1_0 using PRIMARY (target_id=pe1_0.id, target_type='PRODUCT')  (cost=0.25 rows=1) (actual time=0.00119..0.00119 rows=0 loops=20)
