EXPLAIN
-> Limit/Offset: 0/20 row(s)  (cost=211875 rows=0) (actual time=0.969..0.969 rows=0 loops=1)
    -> Nested loop left join  (cost=211875 rows=455977) (actual time=0.952..0.967 rows=20 loops=1)
        -> Index lookup on pe1_0 using idx_product_state_price_id (state='OPEN'), with index condition: (pe1_0.state = 'OPEN')  (cost=52283 rows=455977) (actual time=0.943..0.946 rows=20 loops=1)
        -> Filter: (lse1_0.target_type = 'PRODUCT')  (cost=0.25 rows=1) (actual time=871e-6..871e-6 rows=0 loops=20)
            -> Single-row index lookup on lse1_0 using PRIMARY (target_id=pe1_0.id, target_type='PRODUCT')  (cost=0.25 rows=1) (actual time=756e-6..756e-6 rows=0 loops=20)
