EXPLAIN
-> Limit/Offset: 0/20 row(s)  (cost=10819 rows=0) (actual time=0.425..0.425 rows=0 loops=1)
    -> Nested loop left join  (cost=10819 rows=13592) (actual time=0.409..0.424 rows=20 loops=1)
        -> Index lookup on pe1_0 using idx_product_state_brand_price_id (state='OPEN', brand_id=1), with index condition: (pe1_0.state = 'OPEN')  (cost=6062 rows=13592) (actual time=0.402..0.404 rows=20 loops=1)
        -> Filter: (lse1_0.target_type = 'PRODUCT')  (cost=0.25 rows=1) (actual time=767e-6..767e-6 rows=0 loops=20)
            -> Single-row index lookup on lse1_0 using PRIMARY (target_id=pe1_0.id, target_type='PRODUCT')  (cost=0.25 rows=1) (actual time=664e-6..664e-6 rows=0 loops=20)
